D:\pkinit\pkinit\pkinit\Debug\cl.command.1.tlog
D:\pkinit\pkinit\pkinit\Debug\CL.read.1.tlog
D:\pkinit\pkinit\pkinit\Debug\CL.write.1.tlog
D:\pkinit\pkinit\pkinit\Debug\link.command.1.tlog
D:\pkinit\pkinit\pkinit\Debug\link.read.1.tlog
D:\pkinit\pkinit\pkinit\Debug\link.write.1.tlog
D:\pkinit\pkinit\pkinit\Debug\pkinit.dll.embed.manifest
D:\PKINIT\PKINIT\PKINIT\DEBUG\PKINIT.DLL.EMBED.MANIFEST.RES
D:\PKINIT\PKINIT\PKINIT\DEBUG\PKINIT_ACCESSOR.OBJ
D:\PKINIT\PKINIT\PKINIT\DEBUG\PKINIT_CLNT.OBJ
D:\PKINIT\PKINIT\PKINIT\DEBUG\PKINIT_CRYPTO_OPENSSL.OBJ
D:\PKINIT\PKINIT\PKINIT\DEBUG\PKINIT_IDENTITY.OBJ
D:\PKINIT\PKINIT\PKINIT\DEBUG\PKINIT_KDF_CONSTANTS.OBJ
D:\PKINIT\PKINIT\PKINIT\DEBUG\PKINIT_KDF_TEST.OBJ
D:\PKINIT\PKINIT\PKINIT\DEBUG\PKINIT_LIB.OBJ
D:\pkinit\pkinit\pkinit\Debug\pkinit_manifest.rc
D:\PKINIT\PKINIT\PKINIT\DEBUG\PKINIT_MATCHING.OBJ
D:\PKINIT\PKINIT\PKINIT\DEBUG\PKINIT_PROFILE.OBJ
D:\PKINIT\PKINIT\PKINIT\DEBUG\PKINIT_SRV.OBJ
D:\pkinit\pkinit\pkinit\Debug\rc.command.1.tlog
D:\pkinit\pkinit\pkinit\Debug\rc.read.1.tlog
D:\pkinit\pkinit\pkinit\Debug\rc.write.1.tlog
D:\pkinit\pkinit\pkinit\Debug\vc100.idb
D:\PKINIT\PKINIT\PKINIT\DEBUG\VC100.PDB
